"../../../Engine/Content/EditorResources/S_Actor.ubulk" 0
"../../../Engine/Content/EditorResources/S_Actor.uasset" 1
"../../../Engine/Content/EditorResources/S_Actor.uexp" 2
"../../../Engine/Content/EditorResources/S_BoxReflectionCapture.uasset" 3
"../../../Engine/Content/EditorResources/S_BoxReflectionCapture.uexp" 4
"../../../Engine/Content/EngineResources/DefaultTextureCube.uasset" 5
"../../../Engine/Content/EngineResources/DefaultTextureCube.uexp" 6
"../../../Engine/Content/EngineResources/DefaultVolumeTexture2D.uasset" 7
"../../../Engine/Content/EngineResources/DefaultVolumeTexture2D.uexp" 8
"../../../Engine/Content/EngineResources/DefaultVolumeTexture.uasset" 9
"../../../Engine/Content/EngineResources/DefaultVolumeTexture.uexp" 10
"../../../Engine/Content/EditorResources/S_Trigger.ubulk" 11
"../../../Engine/Content/EditorResources/S_Trigger.uasset" 12
"../../../Engine/Content/EditorResources/S_Trigger.uexp" 13
"../../../Engine/Content/EditorResources/S_TriggerBox.uasset" 14
"../../../Engine/Content/EditorResources/S_TriggerBox.uexp" 15
"../../../Engine/Content/EditorResources/S_TriggerCapsule.uasset" 16
"../../../Engine/Content/EditorResources/S_TriggerCapsule.uexp" 17
"../../../Engine/Content/EditorResources/S_TriggerSphere.uasset" 18
"../../../Engine/Content/EditorResources/S_TriggerSphere.uexp" 19
"../../../Engine/Content/EngineMeshes/Sphere.uasset" 20
"../../../Engine/Content/EngineMeshes/Sphere.uexp" 21
"../../../Engine/Content/EngineResources/GradientTexture0.uasset" 22
"../../../Engine/Content/EngineResources/GradientTexture0.uexp" 23
"../../../Engine/Content/EngineResources/Black.uasset" 24
"../../../Engine/Content/EngineResources/Black.uexp" 25
"../../../Engine/Content/VREditor/LaserPointer/VR_LaserPower_01.ubulk" 26
"../../../Engine/Content/VREditor/LaserPointer/VR_LaserPower_01.uasset" 27
"../../../Engine/Content/VREditor/LaserPointer/VR_LaserPower_01.uexp" 28
"../../../Engine/Content/VREditor/TransformGizmo/TransformGizmoMaterial.uasset" 29
"../../../Engine/Content/VREditor/TransformGizmo/TransformGizmoMaterial.uexp" 30
"../../../Engine/Content/VREditor/TransformGizmo/TranslucentTransformGizmoMaterial.uasset" 31
"../../../Engine/Content/VREditor/TransformGizmo/TranslucentTransformGizmoMaterial.uexp" 32
"../../../Engine/Content/VREditor/TransformGizmo/PlaneTranslationHandle.uasset" 33
"../../../Engine/Content/VREditor/TransformGizmo/PlaneTranslationHandle.uexp" 34
"../../../Engine/Content/VREditor/TransformGizmo/BoundingBoxCorner.uasset" 35
"../../../Engine/Content/VREditor/TransformGizmo/BoundingBoxCorner.uexp" 36
"../../../Engine/Content/VREditor/TransformGizmo/BoundingBoxEdge.uasset" 37
"../../../Engine/Content/VREditor/TransformGizmo/BoundingBoxEdge.uexp" 38
"../../../Engine/Content/VREditor/TransformGizmo/Main.uasset" 39
"../../../Engine/Content/VREditor/TransformGizmo/Main.uexp" 40
"../../../Engine/Content/VREditor/TransformGizmo/Xray.uasset" 41
"../../../Engine/Content/VREditor/TransformGizmo/Xray.uexp" 42
"../../../Engine/Content/VREditor/TransformGizmo/SM_Sequencer_Node.uasset" 43
"../../../Engine/Content/VREditor/TransformGizmo/SM_Sequencer_Node.uexp" 44
"../../../Engine/Content/EditorMaterials/Camera/CineMat.uasset" 45
"../../../Engine/Content/EditorMaterials/Camera/CineMat.uexp" 46
"../../../Engine/Content/EditorMaterials/Camera/MI_CineMat_Rig.uasset" 47
"../../../Engine/Content/EditorMaterials/Camera/MI_CineMat_Rig.uexp" 48
"../../../Engine/Content/EditorMeshes/Camera/SM_CraneRig_Base.uasset" 49
"../../../Engine/Content/EditorMeshes/Camera/SM_CraneRig_Base.uexp" 50
"../../../Engine/Content/EditorMeshes/Camera/SM_CraneRig_Arm.uasset" 51
"../../../Engine/Content/EditorMeshes/Camera/SM_CraneRig_Arm.uexp" 52
"../../../Engine/Content/EditorMeshes/Camera/SM_CraneRig_Mount.uasset" 53
"../../../Engine/Content/EditorMeshes/Camera/SM_CraneRig_Mount.uexp" 54
"../../../Engine/Content/EditorMeshes/Camera/SM_CraneRig_Body.uasset" 55
"../../../Engine/Content/EditorMeshes/Camera/SM_CraneRig_Body.uexp" 56
"../../../Engine/Content/EditorMeshes/Camera/SM_RailRig_Track.uasset" 57
"../../../Engine/Content/EditorMeshes/Camera/SM_RailRig_Track.uexp" 58
"../../../Engine/Content/EditorMeshes/Camera/SM_RailRig_Mount.uasset" 59
"../../../Engine/Content/EditorMeshes/Camera/SM_RailRig_Mount.uexp" 60
"../../../Engine/Content/EngineMaterials/T_Default_Material_Grid_M.ubulk" 61
"../../../Engine/Content/EngineMaterials/T_Default_Material_Grid_M.uasset" 62
"../../../Engine/Content/EngineMaterials/T_Default_Material_Grid_M.uexp" 63
"../../../Engine/Content/EngineMaterials/T_Default_Material_Grid_N.ubulk" 64
"../../../Engine/Content/EngineMaterials/T_Default_Material_Grid_N.uasset" 65
"../../../Engine/Content/EngineMaterials/T_Default_Material_Grid_N.uexp" 66
"../../../Engine/Content/Functions/Engine_MaterialFunctions01/Opacity/CameraDepthFade.uasset" 67
"../../../Engine/Content/Functions/Engine_MaterialFunctions01/Opacity/CameraDepthFade.uexp" 68
"../../../Engine/Content/EngineMaterials/WorldGridMaterial.uasset" 69
"../../../Engine/Content/EngineMaterials/WorldGridMaterial.uexp" 70
"../../../Engine/Content/ArtTools/RenderToTexture/Meshes/S_1_Unit_Plane.uasset" 71
"../../../Engine/Content/ArtTools/RenderToTexture/Meshes/S_1_Unit_Plane.uexp" 72
"../../../Engine/Content/EditorMaterials/ParticleSystems/PSysThumbnail_NoImage.ubulk" 73
"../../../Engine/Content/EditorMaterials/ParticleSystems/PSysThumbnail_NoImage.uasset" 74
"../../../Engine/Content/EditorMaterials/ParticleSystems/PSysThumbnail_NoImage.uexp" 75
"../../../Engine/Content/EditorMaterials/ParticleSystems/PSysThumbnail_OOD.ubulk" 76
"../../../Engine/Content/EditorMaterials/ParticleSystems/PSysThumbnail_OOD.uasset" 77
"../../../Engine/Content/EditorMaterials/ParticleSystems/PSysThumbnail_OOD.uexp" 78
"../../../Engine/Content/EditorLandscapeResources/SplineEditorMeshMat.uasset" 79
"../../../Engine/Content/EditorLandscapeResources/SplineEditorMeshMat.uexp" 80
"../../../Engine/Content/EditorLandscapeResources/SplineEditorMesh.uasset" 81
"../../../Engine/Content/EditorLandscapeResources/SplineEditorMesh.uexp" 82
"../../../Engine/Content/EditorResources/S_Solver.ubulk" 83
"../../../Engine/Content/EditorResources/S_Solver.uasset" 84
"../../../Engine/Content/EditorResources/S_Solver.uexp" 85
"../../../Engine/Plugins/Media/MediaPlate/Content/SM_MediaPlateScreen.uasset" 86
"../../../Engine/Plugins/Media/MediaPlate/Content/SM_MediaPlateScreen.uexp" 87
"../../../Engine/Content/EngineMaterials/Good64x64TilingNoiseHighFreq.uasset" 88
"../../../Engine/Content/EngineMaterials/Good64x64TilingNoiseHighFreq.uexp" 89
"../../../Engine/Content/EngineMaterials/DefaultBokeh.uasset" 90
"../../../Engine/Content/EngineMaterials/DefaultBokeh.uexp" 91
"../../../Engine/Content/EngineMaterials/PreintegratedSkinBRDF.uasset" 92
"../../../Engine/Content/EngineMaterials/PreintegratedSkinBRDF.uexp" 93
"../../../Engine/Content/EngineMaterials/MiniFont.uasset" 94
"../../../Engine/Content/EngineMaterials/MiniFont.uexp" 95
"../../../Engine/Content/EngineMaterials/WeightMapPlaceholderTexture.uasset" 96
"../../../Engine/Content/EngineMaterials/WeightMapPlaceholderTexture.uexp" 97
"../../../Engine/Content/EngineMaterials/DefaultWhiteGrid.ubulk" 98
"../../../Engine/Content/EngineMaterials/DefaultWhiteGrid.uasset" 99
"../../../Engine/Content/EngineMaterials/DefaultWhiteGrid.uexp" 100
"../../../Engine/Plugins/2D/Paper2D/Content/PlaceholderTextures/DummySpriteTexture.ubulk" 101
"../../../Engine/Plugins/2D/Paper2D/Content/PlaceholderTextures/DummySpriteTexture.uasset" 102
"../../../Engine/Plugins/2D/Paper2D/Content/PlaceholderTextures/DummySpriteTexture.uexp" 103
"../../../Engine/Plugins/2D/Paper2D/Content/DefaultSpriteMaterial.uasset" 104
"../../../Engine/Plugins/2D/Paper2D/Content/DefaultSpriteMaterial.uexp" 105
"../../../Engine/Plugins/2D/Paper2D/Content/OpaqueUnlitSpriteMaterial.uasset" 106
"../../../Engine/Plugins/2D/Paper2D/Content/OpaqueUnlitSpriteMaterial.uexp" 107
"../../../Engine/Plugins/2D/Paper2D/Content/MaskedUnlitSpriteMaterial.uasset" 108
"../../../Engine/Plugins/2D/Paper2D/Content/MaskedUnlitSpriteMaterial.uexp" 109
"../../../Engine/Plugins/2D/Paper2D/Content/DummySprite.uasset" 110
"../../../Engine/Plugins/2D/Paper2D/Content/DummySprite.uexp" 111
"../../../Engine/Plugins/2D/Paper2D/Content/DefaultPaperTerrainMaterial.uasset" 112
"../../../Engine/Plugins/2D/Paper2D/Content/DefaultPaperTerrainMaterial.uexp" 113
"../../../Engine/Plugins/Runtime/AR/ARUtilities/Content/Materials/DummyExternalTexture.uasset" 114
"../../../Engine/Plugins/Runtime/AR/ARUtilities/Content/Materials/DummyExternalTexture.uexp" 115
"../../../Engine/Content/EngineResources/DefaultTexture.ubulk" 116
"../../../Engine/Content/EngineResources/DefaultTexture.uasset" 117
"../../../Engine/Content/EngineResources/DefaultTexture.uexp" 118
"../../../Engine/Plugins/Runtime/AR/Google/GoogleARCore/Content/M_SceneDepthOcclusion.uasset" 119
"../../../Engine/Plugins/Runtime/AR/Google/GoogleARCore/Content/M_SceneDepthOcclusion.uexp" 120
"../../../Engine/Content/Functions/Engine_MaterialFunctions02/WorldPositionOffset/CameraOffset.uasset" 121
"../../../Engine/Content/Functions/Engine_MaterialFunctions02/WorldPositionOffset/CameraOffset.uexp" 122
"../../../Engine/Plugins/Animation/ControlRig/Content/M_Manip.uasset" 123
"../../../Engine/Plugins/Animation/ControlRig/Content/M_Manip.uexp" 124
"../../../Engine/Content/Animation/DefaultRecorderBoneCompression.uasset" 125
"../../../Engine/Content/Animation/DefaultRecorderBoneCompression.uexp" 126
"../../../Engine/Content/Animation/DefaultAnimCurveCompressionSettings.uasset" 127
"../../../Engine/Content/Animation/DefaultAnimCurveCompressionSettings.uexp" 128
"../../../Engine/Content/Animation/DefaultAnimBoneCompressionSettings.uasset" 129
"../../../Engine/Content/Animation/DefaultAnimBoneCompressionSettings.uexp" 130
"../../../Engine/Content/EngineMaterials/DefaultMaterial.uasset" 131
"../../../Engine/Content/EngineMaterials/DefaultMaterial.uexp" 132
"../../../Engine/Content/BasicShapes/Sphere.uasset" 133
"../../../Engine/Content/BasicShapes/Sphere.uexp" 134
"../../../Engine/Content/BasicShapes/Cube.uasset" 135
"../../../Engine/Content/BasicShapes/Cube.uexp" 136
"../../../Engine/Content/BasicShapes/Cone.uasset" 137
"../../../Engine/Content/BasicShapes/Cone.uexp" 138
"../../../Engine/Content/EditorMaterials/PreviewShadowIndicator.ubulk" 139
"../../../Engine/Content/EditorMaterials/PreviewShadowIndicator.uasset" 140
"../../../Engine/Content/EditorMaterials/PreviewShadowIndicator.uexp" 141
"../../../Engine/Content/EditorMaterials/PreviewShadowIndicatorMaterial.uasset" 142
"../../../Engine/Content/EditorMaterials/PreviewShadowIndicatorMaterial.uexp" 143
"../../../Engine/Content/EditorMaterials/PhAT_UnselectedMaterial.uasset" 144
"../../../Engine/Content/EditorMaterials/PhAT_UnselectedMaterial.uexp" 145
"../../../Engine/Content/EditorMaterials/PhAT_NoCollisionMaterial.uasset" 146
"../../../Engine/Content/EditorMaterials/PhAT_NoCollisionMaterial.uexp" 147
"../../../Engine/Content/EngineResources/WhiteSquareTexture.uasset" 148
"../../../Engine/Content/EngineResources/WhiteSquareTexture.uexp" 149
"../../../Engine/Content/EngineMaterials/Widget3DPassThrough.uasset" 150
"../../../Engine/Content/EngineMaterials/Widget3DPassThrough.uexp" 151
"../../../Engine/Content/EngineMaterials/Widget3DPassThrough_Translucent.uasset" 152
"../../../Engine/Content/EngineMaterials/Widget3DPassThrough_Translucent.uexp" 153
"../../../Engine/Content/EngineMaterials/Widget3DPassThrough_Translucent_OneSided.uasset" 154
"../../../Engine/Content/EngineMaterials/Widget3DPassThrough_Translucent_OneSided.uexp" 155
"../../../Engine/Content/EngineMaterials/Widget3DPassThrough_Opaque.uasset" 156
"../../../Engine/Content/EngineMaterials/Widget3DPassThrough_Opaque.uexp" 157
"../../../Engine/Content/EngineMaterials/Widget3DPassThrough_Opaque_OneSided.uasset" 158
"../../../Engine/Content/EngineMaterials/Widget3DPassThrough_Opaque_OneSided.uexp" 159
"../../../Engine/Content/EngineMaterials/Widget3DPassThrough_Masked_OneSided.uasset" 160
"../../../Engine/Content/EngineMaterials/Widget3DPassThrough_Masked_OneSided.uexp" 161
"../../../Engine/Content/EngineMaterials/Widget3DPassThrough_Masked.uasset" 162
"../../../Engine/Content/EngineMaterials/Widget3DPassThrough_Masked.uexp" 163
"../../../Engine/Content/EngineMaterials/STBlueNoise_vec2_128x128x64.uasset" 164
"../../../Engine/Content/EngineMaterials/STBlueNoise_vec2_128x128x64.uexp" 165
"../../../Engine/Content/EngineMaterials/STBlueNoise_scalar_128x128x64.uasset" 166
"../../../Engine/Content/EngineMaterials/STBlueNoise_scalar_128x128x64.uexp" 167
"../../../Engine/Content/EngineMaterials/RemoveSurfaceMaterial.uasset" 168
"../../../Engine/Content/EngineMaterials/RemoveSurfaceMaterial.uexp" 169
"../../../Engine/Content/EngineMaterials/DefaultCalibrationGrayscale.uasset" 170
"../../../Engine/Content/EngineMaterials/DefaultCalibrationGrayscale.uexp" 171
"../../../Engine/Content/EngineMaterials/PPM_DefaultCalibrationGrayscale.uasset" 172
"../../../Engine/Content/EngineMaterials/PPM_DefaultCalibrationGrayscale.uexp" 173
"../../../Engine/Content/EngineMaterials/DefaultCalibrationColor.uasset" 174
"../../../Engine/Content/EngineMaterials/DefaultCalibrationColor.uexp" 175
"../../../Engine/Content/EngineMaterials/PPM_DefaultCalibrationColor.uasset" 176
"../../../Engine/Content/EngineMaterials/PPM_DefaultCalibrationColor.uexp" 177
"../../../Engine/Plugins/Animation/ControlRig/Content/Controls/DefaultGizmoLibraryNormalized.uasset" 178
"../../../Engine/Plugins/Animation/ControlRig/Content/Controls/DefaultGizmoLibraryNormalized.uexp" 179
"../../../Engine/Plugins/Animation/ControlRig/Content/Controls/ControlRig_Wedge_solid.uasset" 180
"../../../Engine/Plugins/Animation/ControlRig/Content/Controls/ControlRig_Wedge_solid.uexp" 181
"../../../Engine/Plugins/Animation/ControlRig/Content/Controls/ControlRig_Wedge_3mm.uasset" 182
"../../../Engine/Plugins/Animation/ControlRig/Content/Controls/ControlRig_Wedge_3mm.uexp" 183
"../../../Engine/Plugins/Animation/ControlRig/Content/Controls/ControlRig_Wedge_1mm.uasset" 184
"../../../Engine/Plugins/Animation/ControlRig/Content/Controls/ControlRig_Wedge_1mm.uexp" 185
"../../../Engine/Plugins/Animation/ControlRig/Content/Controls/ControlRig_Triangle_solid.uasset" 186
"../../../Engine/Plugins/Animation/ControlRig/Content/Controls/ControlRig_Triangle_solid.uexp" 187
"../../../Engine/Plugins/Animation/ControlRig/Content/Controls/ControlRig_Triangle_3mm.uasset" 188
"../../../Engine/Plugins/Animation/ControlRig/Content/Controls/ControlRig_Triangle_3mm.uexp" 189
"../../../Engine/Plugins/Animation/ControlRig/Content/Controls/ControlRig_Triangle_1mm.uasset" 190
"../../../Engine/Plugins/Animation/ControlRig/Content/Controls/ControlRig_Triangle_1mm.uexp" 191
"../../../Engine/Plugins/Animation/ControlRig/Content/Controls/ControlRig_Star4_solid.uasset" 192
"../../../Engine/Plugins/Animation/ControlRig/Content/Controls/ControlRig_Star4_solid.uexp" 193
"../../../Engine/Plugins/Animation/ControlRig/Content/Controls/ControlRig_Star4_3mm.uasset" 194
"../../../Engine/Plugins/Animation/ControlRig/Content/Controls/ControlRig_Star4_3mm.uexp" 195
"../../../Engine/Plugins/Animation/ControlRig/Content/Controls/ControlRig_Star4_1mm.uasset" 196
"../../../Engine/Plugins/Animation/ControlRig/Content/Controls/ControlRig_Star4_1mm.uexp" 197
"../../../Engine/Plugins/Animation/ControlRig/Content/Controls/ControlRig_Square_solid.uasset" 198
"../../../Engine/Plugins/Animation/ControlRig/Content/Controls/ControlRig_Square_solid.uexp" 199
"../../../Engine/Plugins/Animation/ControlRig/Content/Controls/ControlRig_Square_3mm.uasset" 200
"../../../Engine/Plugins/Animation/ControlRig/Content/Controls/ControlRig_Square_3mm.uexp" 201
"../../../Engine/Plugins/Animation/ControlRig/Content/Controls/ControlRig_Square_1mm.uasset" 202
"../../../Engine/Plugins/Animation/ControlRig/Content/Controls/ControlRig_Square_1mm.uexp" 203
"../../../Engine/Plugins/Animation/ControlRig/Content/Controls/ControlRig_Sphere_solid.uasset" 204
"../../../Engine/Plugins/Animation/ControlRig/Content/Controls/ControlRig_Sphere_solid.uexp" 205
"../../../Engine/Plugins/Animation/ControlRig/Content/Controls/ControlRig_Sphere_3mm.uasset" 206
"../../../Engine/Plugins/Animation/ControlRig/Content/Controls/ControlRig_Sphere_3mm.uexp" 207
"../../../Engine/Plugins/Animation/ControlRig/Content/Controls/ControlRig_Sphere_1mm.uasset" 208
"../../../Engine/Plugins/Animation/ControlRig/Content/Controls/ControlRig_Sphere_1mm.uexp" 209
"../../../Engine/Plugins/Animation/ControlRig/Content/Controls/ControlRig_RoundedTriangle_solid.uasset" 210
"../../../Engine/Plugins/Animation/ControlRig/Content/Controls/ControlRig_RoundedTriangle_solid.uexp" 211
"../../../Engine/Plugins/Animation/ControlRig/Content/Controls/ControlRig_RoundedTriangle_3mm.uasset" 212
"../../../Engine/Plugins/Animation/ControlRig/Content/Controls/ControlRig_RoundedTriangle_3mm.uexp" 213
"../../../Engine/Plugins/Animation/ControlRig/Content/Controls/ControlRig_RoundedTriangle_1mm.uasset" 214
"../../../Engine/Plugins/Animation/ControlRig/Content/Controls/ControlRig_RoundedTriangle_1mm.uexp" 215
"../../../Engine/Plugins/Animation/ControlRig/Content/Controls/ControlRig_RoundedSquare_solid.uasset" 216
"../../../Engine/Plugins/Animation/ControlRig/Content/Controls/ControlRig_RoundedSquare_solid.uexp" 217
"../../../Engine/Plugins/Animation/ControlRig/Content/Controls/ControlRig_RoundedSquare_3mm.uasset" 218
"../../../Engine/Plugins/Animation/ControlRig/Content/Controls/ControlRig_RoundedSquare_3mm.uexp" 219
"../../../Engine/Plugins/Animation/ControlRig/Content/Controls/ControlRig_RoundedSquare_1mm.uasset" 220
"../../../Engine/Plugins/Animation/ControlRig/Content/Controls/ControlRig_RoundedSquare_1mm.uexp" 221
"../../../Engine/Plugins/Animation/ControlRig/Content/Controls/ControlRig_QuarterCircle_solid.uasset" 222
"../../../Engine/Plugins/Animation/ControlRig/Content/Controls/ControlRig_QuarterCircle_solid.uexp" 223
"../../../Engine/Plugins/Animation/ControlRig/Content/Controls/ControlRig_QuarterCircle_3mm.uasset" 224
"../../../Engine/Plugins/Animation/ControlRig/Content/Controls/ControlRig_QuarterCircle_3mm.uexp" 225
"../../../Engine/Plugins/Animation/ControlRig/Content/Controls/ControlRig_QuarterCircle_1mm.uasset" 226
"../../../Engine/Plugins/Animation/ControlRig/Content/Controls/ControlRig_QuarterCircle_1mm.uexp" 227
"../../../Engine/Plugins/Animation/ControlRig/Content/Controls/ControlRig_Pyramid_solid.uasset" 228
"../../../Engine/Plugins/Animation/ControlRig/Content/Controls/ControlRig_Pyramid_solid.uexp" 229
"../../../Engine/Plugins/Animation/ControlRig/Content/Controls/ControlRig_Pyramid_3mm.uasset" 230
"../../../Engine/Plugins/Animation/ControlRig/Content/Controls/ControlRig_Pyramid_3mm.uexp" 231
"../../../Engine/Plugins/Animation/ControlRig/Content/Controls/ControlRig_Pyramid_1mm.uasset" 232
"../../../Engine/Plugins/Animation/ControlRig/Content/Controls/ControlRig_Pyramid_1mm.uexp" 233
"../../../Engine/Plugins/Animation/ControlRig/Content/Controls/ControlRig_Octagon_solid.uasset" 234
"../../../Engine/Plugins/Animation/ControlRig/Content/Controls/ControlRig_Octagon_solid.uexp" 235
"../../../Engine/Plugins/Animation/ControlRig/Content/Controls/ControlRig_Octagon_3mm.uasset" 236
"../../../Engine/Plugins/Animation/ControlRig/Content/Controls/ControlRig_Octagon_3mm.uexp" 237
"../../../Engine/Plugins/Animation/ControlRig/Content/Controls/ControlRig_Octagon_1mm.uasset" 238
"../../../Engine/Plugins/Animation/ControlRig/Content/Controls/ControlRig_Octagon_1mm.uexp" 239
"../../../Engine/Plugins/Animation/ControlRig/Content/Controls/ControlRig_Hexagon_solid.uasset" 240
"../../../Engine/Plugins/Animation/ControlRig/Content/Controls/ControlRig_Hexagon_solid.uexp" 241
"../../../Engine/Plugins/Animation/ControlRig/Content/Controls/ControlRig_Hexagon_3mm.uasset" 242
"../../../Engine/Plugins/Animation/ControlRig/Content/Controls/ControlRig_Hexagon_3mm.uexp" 243
"../../../Engine/Plugins/Animation/ControlRig/Content/Controls/ControlRig_Hexagon_1mm.uasset" 244
"../../../Engine/Plugins/Animation/ControlRig/Content/Controls/ControlRig_Hexagon_1mm.uexp" 245
"../../../Engine/Plugins/Animation/ControlRig/Content/Controls/ControlRig_HalfCircle_solid.uasset" 246
"../../../Engine/Plugins/Animation/ControlRig/Content/Controls/ControlRig_HalfCircle_solid.uexp" 247
"../../../Engine/Plugins/Animation/ControlRig/Content/Controls/ControlRig_HalfCircle_3mm.uasset" 248
"../../../Engine/Plugins/Animation/ControlRig/Content/Controls/ControlRig_HalfCircle_3mm.uexp" 249
"../../../Engine/Plugins/Animation/ControlRig/Content/Controls/ControlRig_HalfCircle_1mm.uasset" 250
"../../../Engine/Plugins/Animation/ControlRig/Content/Controls/ControlRig_HalfCircle_1mm.uexp" 251
"../../../Engine/Plugins/Animation/ControlRig/Content/Controls/ControlRig_Diamond_solid.uasset" 252
"../../../Engine/Plugins/Animation/ControlRig/Content/Controls/ControlRig_Diamond_solid.uexp" 253
"../../../Engine/Plugins/Animation/ControlRig/Content/Controls/ControlRig_Diamond_3mm.uasset" 254
"../../../Engine/Plugins/Animation/ControlRig/Content/Controls/ControlRig_Diamond_3mm.uexp" 255
"../../../Engine/Plugins/Runtime/MeshModelingToolset/Content/Materials/M_DynamicMeshComponentVtxColor.uasset" 256
"../../../Engine/Plugins/Runtime/MeshModelingToolset/Content/Materials/M_DynamicMeshComponentVtxColor.uexp" 257
"../../../Engine/Plugins/Runtime/AR/ARUtilities/Content/Materials/MF_DistanceColorLerp.uasset" 258
"../../../Engine/Plugins/Runtime/AR/ARUtilities/Content/Materials/MF_DistanceColorLerp.uexp" 259
"../../../Engine/Plugins/Runtime/AR/ARUtilities/Content/Materials/M_DepthColoration.uasset" 260
"../../../Engine/Plugins/Runtime/AR/ARUtilities/Content/Materials/M_DepthColoration.uexp" 261
"../../../Engine/Plugins/Runtime/AR/ARUtilities/Content/Materials/M_ScreenSpacePassthroughCamera.uasset" 262
"../../../Engine/Plugins/Runtime/AR/ARUtilities/Content/Materials/M_ScreenSpacePassthroughCamera.uexp" 263
"../../../Engine/Plugins/Runtime/AR/ARUtilities/Content/Materials/MI_ScreenSpacePassthroughCameraExternalTexture.uasset" 264
"../../../Engine/Plugins/Runtime/AR/ARUtilities/Content/Materials/MI_ScreenSpacePassthroughCameraExternalTexture.uexp" 265
"../../../Engine/Plugins/Runtime/AR/ARUtilities/Content/Materials/M_PassthroughCamera.uasset" 266
"../../../Engine/Plugins/Runtime/AR/ARUtilities/Content/Materials/M_PassthroughCamera.uexp" 267
"../../../Engine/Plugins/Runtime/AR/ARUtilities/Content/Materials/MI_PassthroughCameraExternalTexture.uasset" 268
"../../../Engine/Plugins/Runtime/AR/ARUtilities/Content/Materials/MI_PassthroughCameraExternalTexture.uexp" 269
"../../../Engine/Plugins/Interchange/Runtime/Content/Pipelines/DefaultTexturePipeline.uasset" 270
"../../../Engine/Plugins/Interchange/Runtime/Content/Pipelines/DefaultTexturePipeline.uexp" 271
"../../../Engine/Plugins/Interchange/Runtime/Content/Pipelines/DefaultSceneLevelPipeline.uasset" 272
"../../../Engine/Plugins/Interchange/Runtime/Content/Pipelines/DefaultSceneLevelPipeline.uexp" 273
"../../../Engine/Plugins/Interchange/Runtime/Content/Pipelines/DefaultSceneAssetsPipeline.uasset" 274
"../../../Engine/Plugins/Interchange/Runtime/Content/Pipelines/DefaultSceneAssetsPipeline.uexp" 275
"../../../Engine/Plugins/Interchange/Runtime/Content/Pipelines/DefaultMaterialPipeline.uasset" 276
"../../../Engine/Plugins/Interchange/Runtime/Content/Pipelines/DefaultMaterialPipeline.uexp" 277
"../../../Engine/Plugins/Interchange/Runtime/Content/Pipelines/DefaultAssetsPipeline.uasset" 278
"../../../Engine/Plugins/Interchange/Runtime/Content/Pipelines/DefaultAssetsPipeline.uexp" 279
"../../../Engine/Plugins/Editor/SpeedTreeImporter/Content/SpeedTree9/game_wind_noise.ubulk" 280
"../../../Engine/Plugins/Editor/SpeedTreeImporter/Content/SpeedTree9/game_wind_noise.uasset" 281
"../../../Engine/Plugins/Editor/SpeedTreeImporter/Content/SpeedTree9/game_wind_noise.uexp" 282
"../../../Engine/Plugins/Editor/SpeedTreeImporter/Content/SpeedTree9/UnpackDirection.uasset" 283
"../../../Engine/Plugins/Editor/SpeedTreeImporter/Content/SpeedTree9/UnpackDirection.uexp" 284
"../../../Engine/Content/Functions/Engine_MaterialFunctions02/ObjectLocalBounds.uasset" 285
"../../../Engine/Content/Functions/Engine_MaterialFunctions02/ObjectLocalBounds.uexp" 286
"../../../Engine/Content/Functions/Engine_MaterialFunctions02/Utility/BreakOutFloat3Components.uasset" 287
"../../../Engine/Content/Functions/Engine_MaterialFunctions02/Utility/BreakOutFloat3Components.uexp" 288
"../../../Engine/Content/Functions/Engine_MaterialFunctions02/UVs/BoundingBoxBased_0-1_UVW.uasset" 289
"../../../Engine/Content/Functions/Engine_MaterialFunctions02/UVs/BoundingBoxBased_0-1_UVW.uexp" 290
"../../../Engine/Content/Functions/Engine_MaterialFunctions02/Utility/VectorLength.uasset" 291
"../../../Engine/Content/Functions/Engine_MaterialFunctions02/Utility/VectorLength.uexp" 292
"../../../Engine/Plugins/Editor/SpeedTreeImporter/Content/SpeedTree9/UnpackInteger3.uasset" 293
"../../../Engine/Plugins/Editor/SpeedTreeImporter/Content/SpeedTree9/UnpackInteger3.uexp" 294
"../../../Engine/Plugins/Editor/SpeedTreeImporter/Content/SpeedTree9/SpeedTreeCameraFacing.uasset" 295
"../../../Engine/Plugins/Editor/SpeedTreeImporter/Content/SpeedTree9/SpeedTreeCameraFacing.uexp" 296
"../../../Engine/Content/Functions/Engine_MaterialFunctions02/WorldPositionOffset/ObjectScale.uasset" 297
"../../../Engine/Content/Functions/Engine_MaterialFunctions02/WorldPositionOffset/ObjectScale.uexp" 298
"../../../Engine/Content/Functions/Engine_MaterialFunctions02/SafeNormalize.uasset" 299
"../../../Engine/Content/Functions/Engine_MaterialFunctions02/SafeNormalize.uexp" 300
"../../../Engine/Plugins/Editor/SpeedTreeImporter/Content/SpeedTree9/SpeedTreeWindMotion.uasset" 301
"../../../Engine/Plugins/Editor/SpeedTreeImporter/Content/SpeedTree9/SpeedTreeWindMotion.uexp" 302
"../../../Engine/Plugins/Editor/SpeedTreeImporter/Content/SpeedTree9/SpeedTreeBranchMotion.uasset" 303
"../../../Engine/Plugins/Editor/SpeedTreeImporter/Content/SpeedTree9/SpeedTreeBranchMotion.uexp" 304
"../../../Engine/Plugins/Editor/SpeedTreeImporter/Content/SpeedTree9/SpeedTreeWind.uasset" 305
"../../../Engine/Plugins/Editor/SpeedTreeImporter/Content/SpeedTree9/SpeedTreeWind.uexp" 306
"../../../Engine/Plugins/Editor/SpeedTreeImporter/Content/SpeedTree9/EmptyNormal.uasset" 307
"../../../Engine/Plugins/Editor/SpeedTreeImporter/Content/SpeedTree9/EmptyNormal.uexp" 308
"../../../Engine/Plugins/Editor/SpeedTreeImporter/Content/SpeedTree9/Empty.uasset" 309
"../../../Engine/Plugins/Editor/SpeedTreeImporter/Content/SpeedTree9/Empty.uexp" 310
"../../../Engine/Plugins/Editor/SpeedTreeImporter/Content/SpeedTree9/SpeedTreeMaster.uasset" 311
"../../../Engine/Plugins/Editor/SpeedTreeImporter/Content/SpeedTree9/SpeedTreeMaster.uexp" 312
"../../../Engine/Plugins/Editor/SpeedTreeImporter/Content/SpeedTree9/SpeedTreeBillboard.uasset" 313
"../../../Engine/Plugins/Editor/SpeedTreeImporter/Content/SpeedTree9/SpeedTreeBillboard.uexp" 314
"../../../Engine/Plugins/Editor/SpeedTreeImporter/Content/SpeedTree9/SpeedTreeBillboardMaster.uasset" 315
"../../../Engine/Plugins/Editor/SpeedTreeImporter/Content/SpeedTree9/SpeedTreeBillboardMaster.uexp" 316
"../../../Engine/Plugins/Animation/ControlRig/Content/Controls/ControlRig_Diamond_1mm.uasset" 317
"../../../Engine/Plugins/Animation/ControlRig/Content/Controls/ControlRig_Diamond_1mm.uexp" 318
"../../../Engine/Plugins/Animation/ControlRig/Content/Controls/ControlRig_Circle_solid.uasset" 319
"../../../Engine/Plugins/Animation/ControlRig/Content/Controls/ControlRig_Circle_solid.uexp" 320
"../../../Engine/Plugins/Animation/ControlRig/Content/Controls/ControlRig_Circle_3mm.uasset" 321
"../../../Engine/Plugins/Animation/ControlRig/Content/Controls/ControlRig_Circle_3mm.uexp" 322
"../../../Engine/Plugins/Animation/ControlRig/Content/Controls/ControlRig_Circle_1mm.uasset" 323
"../../../Engine/Plugins/Animation/ControlRig/Content/Controls/ControlRig_Circle_1mm.uexp" 324
"../../../Engine/Plugins/Animation/ControlRig/Content/Controls/ControlRig_Box_solid.uasset" 325
"../../../Engine/Plugins/Animation/ControlRig/Content/Controls/ControlRig_Box_solid.uexp" 326
"../../../Engine/Plugins/Animation/ControlRig/Content/Controls/ControlRig_Box_3mm.uasset" 327
"../../../Engine/Plugins/Animation/ControlRig/Content/Controls/ControlRig_Box_3mm.uexp" 328
"../../../Engine/Plugins/Animation/ControlRig/Content/Controls/ControlRig_Box_1mm.uasset" 329
"../../../Engine/Plugins/Animation/ControlRig/Content/Controls/ControlRig_Box_1mm.uexp" 330
"../../../Engine/Plugins/Animation/ControlRig/Content/Controls/ControlRig_Arrow_solid.uasset" 331
"../../../Engine/Plugins/Animation/ControlRig/Content/Controls/ControlRig_Arrow_solid.uexp" 332
"../../../Engine/Plugins/Animation/ControlRig/Content/Controls/ControlRig_Arrow_3mm.uasset" 333
"../../../Engine/Plugins/Animation/ControlRig/Content/Controls/ControlRig_Arrow_3mm.uexp" 334
"../../../Engine/Plugins/Animation/ControlRig/Content/Controls/ControlRig_Arrow_1mm.uasset" 335
"../../../Engine/Plugins/Animation/ControlRig/Content/Controls/ControlRig_Arrow_1mm.uexp" 336
"../../../Engine/Plugins/Animation/ControlRig/Content/Controls/ControlRig_Arrow4_solid.uasset" 337
"../../../Engine/Plugins/Animation/ControlRig/Content/Controls/ControlRig_Arrow4_solid.uexp" 338
"../../../Engine/Plugins/Animation/ControlRig/Content/Controls/ControlRig_Arrow4_3mm.uasset" 339
"../../../Engine/Plugins/Animation/ControlRig/Content/Controls/ControlRig_Arrow4_3mm.uexp" 340
"../../../Engine/Plugins/Animation/ControlRig/Content/Controls/ControlRig_Arrow4_1mm.uasset" 341
"../../../Engine/Plugins/Animation/ControlRig/Content/Controls/ControlRig_Arrow4_1mm.uexp" 342
"../../../Engine/Plugins/Animation/ControlRig/Content/Controls/ControlRig_Arrow2_solid.uasset" 343
"../../../Engine/Plugins/Animation/ControlRig/Content/Controls/ControlRig_Arrow2_solid.uexp" 344
"../../../Engine/Plugins/Animation/ControlRig/Content/Controls/ControlRig_Arrow2_3mm.uasset" 345
"../../../Engine/Plugins/Animation/ControlRig/Content/Controls/ControlRig_Arrow2_3mm.uexp" 346
"../../../Engine/Plugins/Animation/ControlRig/Content/Controls/ControlRig_Arrow2_1mm.uasset" 347
"../../../Engine/Plugins/Animation/ControlRig/Content/Controls/ControlRig_Arrow2_1mm.uexp" 348
"../../../Engine/Plugins/Animation/ControlRig/Content/Controls/ControlRigXRayMaterial.uasset" 349
"../../../Engine/Plugins/Animation/ControlRig/Content/Controls/ControlRigXRayMaterial.uexp" 350
"../../../Engine/Plugins/Animation/ControlRig/Content/Controls/ControlRigGizmoMaterial.uasset" 351
"../../../Engine/Plugins/Animation/ControlRig/Content/Controls/ControlRigGizmoMaterial.uexp" 352
"../../../Engine/Content/EngineSounds/Master.uasset" 353
"../../../Engine/Content/EngineSounds/Master.uexp" 354
"../../../Engine/Content/EngineMaterials/PhAT_JointLimitMaterial.uasset" 355
"../../../Engine/Content/EngineMaterials/PhAT_JointLimitMaterial.uexp" 356
"../../../Engine/Content/EngineMaterials/NaniteHiddenSectionMaterial.uasset" 357
"../../../Engine/Content/EngineMaterials/NaniteHiddenSectionMaterial.uexp" 358
"../../../Engine/Content/EngineMaterials/InvalidLightmapSettings.ubulk" 359
"../../../Engine/Content/EngineMaterials/InvalidLightmapSettings.uasset" 360
"../../../Engine/Content/EngineMaterials/InvalidLightmapSettings.uexp" 361
"../../../Engine/Content/EngineMaterials/M_InvalidLightmapSettings.uasset" 362
"../../../Engine/Content/EngineMaterials/M_InvalidLightmapSettings.uexp" 363
"../../../Engine/Content/EngineMaterials/GizmoMaterial.uasset" 364
"../../../Engine/Content/EngineMaterials/GizmoMaterial.uexp" 365
"../../../Engine/Content/EngineMaterials/BaseFlattenEmissiveMap_VT.uasset" 366
"../../../Engine/Content/EngineMaterials/BaseFlattenEmissiveMap_VT.uexp" 367
"../../../Engine/Content/EngineMaterials/BaseFlattenGrayscaleMap_VT.uasset" 368
"../../../Engine/Content/EngineMaterials/BaseFlattenGrayscaleMap_VT.uexp" 369
"../../../Engine/Content/EngineMaterials/BaseFlattenLinearColor_VT.uasset" 370
"../../../Engine/Content/EngineMaterials/BaseFlattenLinearColor_VT.uexp" 371
"../../../Engine/Content/EngineMaterials/Black_1x1_EXR_Texture_VT.uasset" 372
"../../../Engine/Content/EngineMaterials/Black_1x1_EXR_Texture_VT.uexp" 373
"../../../Engine/Content/EngineMaterials/BaseFlattenDiffuseMap_VT.uasset" 374
"../../../Engine/Content/EngineMaterials/BaseFlattenDiffuseMap_VT.uexp" 375
"../../../Engine/Content/EngineMaterials/BaseFlattenNormalMap_VT.uasset" 376
"../../../Engine/Content/EngineMaterials/BaseFlattenNormalMap_VT.uexp" 377
"../../../Engine/Content/EngineMaterials/FlattenMaterial_WS_Normal_VT.uasset" 378
"../../../Engine/Content/EngineMaterials/FlattenMaterial_WS_Normal_VT.uexp" 379
"../../../Engine/Content/EngineMaterials/FlattenMaterial_VT.uasset" 380
"../../../Engine/Content/EngineMaterials/FlattenMaterial_VT.uexp" 381
"../../../Engine/Content/EngineMaterials/BaseFlattenNormalMap.uasset" 382
"../../../Engine/Content/EngineMaterials/BaseFlattenNormalMap.uexp" 383
"../../../Engine/Content/EngineMaterials/BaseFlattenGrayscaleMap.uasset" 384
"../../../Engine/Content/EngineMaterials/BaseFlattenGrayscaleMap.uexp" 385
"../../../Engine/Content/EngineMaterials/BaseFlattenDiffuseMap.uasset" 386
"../../../Engine/Content/EngineMaterials/BaseFlattenDiffuseMap.uexp" 387
"../../../Engine/Content/Functions/Engine_MaterialFunctions02/PivotPainter2/Black_1x1_EXR_Texture.uasset" 388
"../../../Engine/Content/Functions/Engine_MaterialFunctions02/PivotPainter2/Black_1x1_EXR_Texture.uexp" 389
"../../../Engine/Content/EngineMaterials/BaseFlattenEmissiveMap.uasset" 390
"../../../Engine/Content/EngineMaterials/BaseFlattenEmissiveMap.uexp" 391
"../../../Engine/Content/EngineMaterials/BaseFlattenLinearColor.uasset" 392
"../../../Engine/Content/EngineMaterials/BaseFlattenLinearColor.uexp" 393
"../../../Engine/Content/EngineMaterials/FlattenMaterial.uasset" 394
"../../../Engine/Content/EngineMaterials/FlattenMaterial.uexp" 395
"../../../Engine/Content/EngineMaterials/DefaultWhiteGrid_Low.uasset" 396
"../../../Engine/Content/EngineMaterials/DefaultWhiteGrid_Low.uexp" 397
"../../../Engine/Content/EngineMaterials/EmissiveMeshMaterial.uasset" 398
"../../../Engine/Content/EngineMaterials/EmissiveMeshMaterial.uexp" 399
"../../../Engine/Content/EngineFonts/RobotoDistanceField.uasset" 400
"../../../Engine/Content/EngineFonts/RobotoDistanceField.uexp" 401
"../../../Engine/Content/EngineMaterials/DefaultTextMaterialOpaque.uasset" 402
"../../../Engine/Content/EngineMaterials/DefaultTextMaterialOpaque.uexp" 403
"../../../Engine/Content/EngineMaterials/DefaultDiffuse.ubulk" 404
"../../../Engine/Content/EngineMaterials/DefaultDiffuse.uasset" 405
"../../../Engine/Content/EngineMaterials/DefaultDiffuse.uexp" 406
"../../../Engine/Content/Functions/Engine_MaterialFunctions02/Utility/BreakOutFloat2Components.uasset" 407
"../../../Engine/Content/Functions/Engine_MaterialFunctions02/Utility/BreakOutFloat2Components.uexp" 408
"../../../Engine/Content/EngineMaterials/DefaultPostProcessMaterial.uasset" 409
"../../../Engine/Content/EngineMaterials/DefaultPostProcessMaterial.uexp" 410
"../../../Engine/Content/EngineMaterials/DefaultPhysicalMaterial.uasset" 411
"../../../Engine/Content/EngineMaterials/DefaultPhysicalMaterial.uexp" 412
"../../../Engine/Content/EngineMaterials/DefaultLightFunctionMaterial.uasset" 413
"../../../Engine/Content/EngineMaterials/DefaultLightFunctionMaterial.uexp" 414
"../../../Engine/Content/EngineMaterials/DefaultDestructiblePhysicalMaterial.uasset" 415
"../../../Engine/Content/EngineMaterials/DefaultDestructiblePhysicalMaterial.uexp" 416
"../../../Engine/Content/EngineMaterials/DefaultDeferredDecalMaterial.uasset" 417
"../../../Engine/Content/EngineMaterials/DefaultDeferredDecalMaterial.uexp" 418
"../../../Engine/Content/EngineMaterials/DefaultBloomKernel.uasset" 419
"../../../Engine/Content/EngineMaterials/DefaultBloomKernel.uexp" 420
"../../../Engine/Content/Functions/Engine_MaterialFunctions02/Utility/CameraDirectionVector.uasset" 421
"../../../Engine/Content/Functions/Engine_MaterialFunctions02/Utility/CameraDirectionVector.uexp" 422
"../../../Engine/Content/EngineDebugMaterials/VolumeToRender.uasset" 423
"../../../Engine/Content/EngineDebugMaterials/VolumeToRender.uexp" 424
"../../../Engine/Content/EngineDebugMaterials/M_VolumeRenderSphereTracePP.uasset" 425
"../../../Engine/Content/EngineDebugMaterials/M_VolumeRenderSphereTracePP.uexp" 426
"../../../Engine/Content/EngineDebugMaterials/M_SimpleUnlitTranslucent.uasset" 427
"../../../Engine/Content/EngineDebugMaterials/M_SimpleUnlitTranslucent.uexp" 428
"../../../Engine/Content/EngineDebugMaterials/DebugMeshMaterial.uasset" 429
"../../../Engine/Content/EngineDebugMaterials/DebugMeshMaterial.uexp" 430
"../../../Engine/Content/EngineDebugMaterials/DebugEditorMaterial.uasset" 431
"../../../Engine/Content/EngineDebugMaterials/DebugEditorMaterial.uexp" 432
"../../../Engine/Content/EngineDamageTypes/DmgTypeBP_Environmental.uasset" 433
"../../../Engine/Content/EngineDamageTypes/DmgTypeBP_Environmental.uexp" 434
"../../../Engine/Content/EditorResources/S_Terrain.ubulk" 435
"../../../Engine/Content/EditorResources/S_Terrain.uasset" 436
"../../../Engine/Content/EditorResources/S_Terrain.uexp" 437
"../../../Engine/Content/EditorResources/EmptyActor.uasset" 438
"../../../Engine/Content/EditorResources/EmptyActor.uexp" 439
"../../../Engine/Content/EditorResources/BSPVertex.uasset" 440
"../../../Engine/Content/EditorResources/BSPVertex.uexp" 441
"../../../Engine/Content/EditorLandscapeResources/DefaultAlphaTexture.uasset" 442
"../../../Engine/Content/EditorLandscapeResources/DefaultAlphaTexture.uexp" 443
"../../../Engine/Content/EditorLandscapeResources/DataLayer.uasset" 444
"../../../Engine/Content/EditorLandscapeResources/DataLayer.uexp" 445
"../../../Engine/Content/EngineSky/VolumetricClouds/CloudWeatherTexture.uasset" 446
"../../../Engine/Content/EngineSky/VolumetricClouds/CloudWeatherTexture.uexp" 447
"../../../Engine/Content/Functions/Engine_MaterialFunctions02/Utility/MakeFloat2.uasset" 448
"../../../Engine/Content/Functions/Engine_MaterialFunctions02/Utility/MakeFloat2.uexp" 449
"../../../Engine/Content/EngineSky/VolumetricClouds/CloudGradientTexture.uasset" 450
"../../../Engine/Content/EngineSky/VolumetricClouds/CloudGradientTexture.uexp" 451
"../../../Engine/Content/EngineSky/VolumetricClouds/T_NoiseShape64.ubulk" 452
"../../../Engine/Content/EngineSky/VolumetricClouds/T_NoiseShape64.uasset" 453
"../../../Engine/Content/EngineSky/VolumetricClouds/T_NoiseShape64.uexp" 454
"../../../Engine/Content/EngineSky/VolumetricClouds/T_VolumeNoiseShape64.uasset" 455
"../../../Engine/Content/EngineSky/VolumetricClouds/T_VolumeNoiseShape64.uexp" 456
"../../../Engine/Content/EngineSky/VolumetricClouds/T_NoiseErosion.ubulk" 457
"../../../Engine/Content/EngineSky/VolumetricClouds/T_NoiseErosion.uasset" 458
"../../../Engine/Content/EngineSky/VolumetricClouds/T_NoiseErosion.uexp" 459
"../../../Engine/Content/EngineSky/VolumetricClouds/T_VolumeNoiseErosion32.uasset" 460
"../../../Engine/Content/EngineSky/VolumetricClouds/T_VolumeNoiseErosion32.uexp" 461
"../../../Engine/Content/EngineSky/VolumetricClouds/m_SimpleVolumetricCloud.uasset" 462
"../../../Engine/Content/EngineSky/VolumetricClouds/m_SimpleVolumetricCloud.uexp" 463
"../../../Engine/Content/EngineSky/VolumetricClouds/m_SimpleVolumetricCloud_Inst.uasset" 464
"../../../Engine/Content/EngineSky/VolumetricClouds/m_SimpleVolumetricCloud_Inst.uexp" 465
"../../../Engine/Content/EngineResources/FilmGrains/Marcie_Grain_v3_128_M2_000.uasset" 466
"../../../Engine/Content/EngineResources/FilmGrains/Marcie_Grain_v3_128_M2_000.uexp" 467
"../../../Engine/Content/EditorResources/SequenceRecorder/RecordingIndicator.uasset" 468
"../../../Engine/Content/EditorResources/SequenceRecorder/RecordingIndicator.uexp" 469
"../../../Engine/Content/EditorResources/SequenceRecorder/Countdown.uasset" 470
"../../../Engine/Content/EditorResources/SequenceRecorder/Countdown.uexp" 471
"../../../Engine/Content/EditorResources/LightIcons/S_LightError.uasset" 472
"../../../Engine/Content/EditorResources/LightIcons/S_LightError.uexp" 473
"../../../Engine/Content/Functions/Engine_MaterialFunctions01/Shading/PowerToRoughness.uasset" 474
"../../../Engine/Content/Functions/Engine_MaterialFunctions01/Shading/PowerToRoughness.uexp" 475
"../../../Engine/Content/Functions/Engine_MaterialFunctions01/Shading/ConvertFromDiffSpec.uasset" 476
"../../../Engine/Content/Functions/Engine_MaterialFunctions01/Shading/ConvertFromDiffSpec.uexp" 477
"../../../Engine/Content/Maps/Entry_BuiltData.uasset" 478
"../../../Engine/Content/Maps/Entry_BuiltData.uexp" 479
"../../../Engine/Content/Maps/Entry.uexp" 480
"../../../Engine/Content/Maps/Entry.umap" 481
"C:/UnrealProject/UnrealEngine/ARProject/Content/HandheldAR/Blueprints/GameFramework/BP_ARPlayerController.uasset" 482
"C:/UnrealProject/UnrealEngine/ARProject/Content/HandheldAR/Blueprints/GameFramework/BP_ARPlayerController.uexp" 483
"C:/UnrealProject/UnrealEngine/ARProject/Content/HandheldAR/Blueprints/GameFramework/ENUM_GestureType.uasset" 484
"C:/UnrealProject/UnrealEngine/ARProject/Content/HandheldAR/Blueprints/GameFramework/ENUM_GestureType.uexp" 485
"C:/UnrealProject/UnrealEngine/ARProject/Content/HandheldAR/Blueprints/Placeable/Textures/T_Square.ubulk" 486
"C:/UnrealProject/UnrealEngine/ARProject/Content/HandheldAR/Blueprints/Placeable/Textures/T_Square.uasset" 487
"C:/UnrealProject/UnrealEngine/ARProject/Content/HandheldAR/Blueprints/Placeable/Textures/T_Square.uexp" 488
"../../../Engine/Content/BasicShapes/Cylinder.uasset" 489
"../../../Engine/Content/BasicShapes/Cylinder.uexp" 490
"../../../Engine/Content/BasicShapes/Plane.uasset" 491
"../../../Engine/Content/BasicShapes/Plane.uexp" 492
"C:/UnrealProject/UnrealEngine/ARProject/Content/HandheldAR/Blueprints/Placeable/Mesh/SM_ArrowBody.uasset" 493
"C:/UnrealProject/UnrealEngine/ARProject/Content/HandheldAR/Blueprints/Placeable/Mesh/SM_ArrowBody.uexp" 494
"C:/UnrealProject/UnrealEngine/ARProject/Content/HandheldAR/Blueprints/UI/Icons/T_Icon_Scale.uasset" 495
"C:/UnrealProject/UnrealEngine/ARProject/Content/HandheldAR/Blueprints/UI/Icons/T_Icon_Scale.uexp" 496
"../../../Engine/Content/ArtTools/RenderToTexture/Textures/127grey.uasset" 497
"../../../Engine/Content/ArtTools/RenderToTexture/Textures/127grey.uexp" 498
"../../../Engine/Content/Functions/Engine_MaterialFunctions01/Gradient/LinearGradient.uasset" 499
"../../../Engine/Content/Functions/Engine_MaterialFunctions01/Gradient/LinearGradient.uexp" 500
"../../../Engine/Content/Functions/Engine_MaterialFunctions01/ImageAdjustment/CheapContrast.uasset" 501
"../../../Engine/Content/Functions/Engine_MaterialFunctions01/ImageAdjustment/CheapContrast.uexp" 502
"C:/UnrealProject/UnrealEngine/ARProject/Content/HandheldAR/Blueprints/Placeable/Materials/MF_CircularScan.uasset" 503
"C:/UnrealProject/UnrealEngine/ARProject/Content/HandheldAR/Blueprints/Placeable/Materials/MF_CircularScan.uexp" 504
"C:/UnrealProject/UnrealEngine/ARProject/Content/HandheldAR/Blueprints/Placeable/Materials/M_Plane_02.uasset" 505
"C:/UnrealProject/UnrealEngine/ARProject/Content/HandheldAR/Blueprints/Placeable/Materials/M_Plane_02.uexp" 506
"C:/UnrealProject/UnrealEngine/ARProject/Content/HandheldAR/Blueprints/Placeable/Materials/MF_DistanceFalloff.uasset" 507
"C:/UnrealProject/UnrealEngine/ARProject/Content/HandheldAR/Blueprints/Placeable/Materials/MF_DistanceFalloff.uexp" 508
"C:/UnrealProject/UnrealEngine/ARProject/Content/HandheldAR/Blueprints/Placeable/Materials/M_Plane_Fallback.uasset" 509
"C:/UnrealProject/UnrealEngine/ARProject/Content/HandheldAR/Blueprints/Placeable/Materials/M_Plane_Fallback.uexp" 510
"C:/UnrealProject/UnrealEngine/ARProject/Content/HandheldAR/Blueprints/Placeable/Materials/M_Plane_Plain.uasset" 511
"C:/UnrealProject/UnrealEngine/ARProject/Content/HandheldAR/Blueprints/Placeable/Materials/M_Plane_Plain.uexp" 512
"C:/UnrealProject/UnrealEngine/ARProject/Content/HandheldAR/Blueprints/Placeable/Materials/M_Plane_01.uasset" 513
"C:/UnrealProject/UnrealEngine/ARProject/Content/HandheldAR/Blueprints/Placeable/Materials/M_Plane_01.uexp" 514
"../../../Engine/Content/EditorBlueprintResources/StandardMacros.uasset" 515
"../../../Engine/Content/EditorBlueprintResources/StandardMacros.uexp" 516
"C:/UnrealProject/UnrealEngine/ARProject/Content/HandheldAR/Blueprints/Placeable/BP_Plane.uasset" 517
"C:/UnrealProject/UnrealEngine/ARProject/Content/HandheldAR/Blueprints/Placeable/BP_Plane.uexp" 518
"C:/UnrealProject/UnrealEngine/ARProject/Content/HandheldAR/Blueprints/Placeable/Textures/T_CirclePlate.uasset" 519
"C:/UnrealProject/UnrealEngine/ARProject/Content/HandheldAR/Blueprints/Placeable/Textures/T_CirclePlate.uexp" 520
"C:/UnrealProject/UnrealEngine/ARProject/Content/HandheldAR/Blueprints/Placeable/Materials/M_Placeable.uasset" 521
"C:/UnrealProject/UnrealEngine/ARProject/Content/HandheldAR/Blueprints/Placeable/Materials/M_Placeable.uexp" 522
"C:/UnrealProject/UnrealEngine/ARProject/Content/HandheldAR/Blueprints/Placeable/Mesh/SM_Plate.uasset" 523
"C:/UnrealProject/UnrealEngine/ARProject/Content/HandheldAR/Blueprints/Placeable/Mesh/SM_Plate.uexp" 524
"C:/UnrealProject/UnrealEngine/ARProject/Content/HandheldAR/Blueprints/Placeable/Textures/T_SquarePlate.uasset" 525
"C:/UnrealProject/UnrealEngine/ARProject/Content/HandheldAR/Blueprints/Placeable/Textures/T_SquarePlate.uexp" 526
"C:/UnrealProject/UnrealEngine/ARProject/Content/HandheldAR/Blueprints/Placeable/Materials/M_Arrow.uasset" 527
"C:/UnrealProject/UnrealEngine/ARProject/Content/HandheldAR/Blueprints/Placeable/Materials/M_Arrow.uexp" 528
"C:/UnrealProject/UnrealEngine/ARProject/Content/HandheldAR/Blueprints/UI/Icons/T_Icon_Rotate.uasset" 529
"C:/UnrealProject/UnrealEngine/ARProject/Content/HandheldAR/Blueprints/UI/Icons/T_Icon_Rotate.uexp" 530
"C:/UnrealProject/UnrealEngine/ARProject/Content/HandheldAR/Blueprints/Placeable/Mesh/SM_ArrowHead.uasset" 531
"C:/UnrealProject/UnrealEngine/ARProject/Content/HandheldAR/Blueprints/Placeable/Mesh/SM_ArrowHead.uexp" 532
"../../../Engine/Content/BasicShapes/BasicShapeMaterial.uasset" 533
"../../../Engine/Content/BasicShapes/BasicShapeMaterial.uexp" 534
"C:/UnrealProject/UnrealEngine/ARProject/Content/ProductAssets/Materials/M_Plastic.uasset" 535
"C:/UnrealProject/UnrealEngine/ARProject/Content/ProductAssets/Materials/M_Plastic.uexp" 536
"C:/UnrealProject/UnrealEngine/ARProject/Content/ProductAssets/Mesh/SM_Manequin.uasset" 537
"C:/UnrealProject/UnrealEngine/ARProject/Content/ProductAssets/Mesh/SM_Manequin.uexp" 538
"C:/UnrealProject/UnrealEngine/ARProject/Content/ProductAssets/BP_ProductAssetRef.uasset" 539
"C:/UnrealProject/UnrealEngine/ARProject/Content/ProductAssets/BP_ProductAssetRef.uexp" 540
"C:/UnrealProject/UnrealEngine/ARProject/Content/HandheldAR/Blueprints/UI/Icons/T_Icon_Move.uasset" 541
"C:/UnrealProject/UnrealEngine/ARProject/Content/HandheldAR/Blueprints/UI/Icons/T_Icon_Move.uexp" 542
"C:/UnrealProject/UnrealEngine/ARProject/Content/HandheldAR/Blueprints/Placeable/Textures/T_Shadow.uasset" 543
"C:/UnrealProject/UnrealEngine/ARProject/Content/HandheldAR/Blueprints/Placeable/Textures/T_Shadow.uexp" 544
"C:/UnrealProject/UnrealEngine/ARProject/Content/HandheldAR/Blueprints/Placeable/Materials/M_Shadow.uasset" 545
"C:/UnrealProject/UnrealEngine/ARProject/Content/HandheldAR/Blueprints/Placeable/Materials/M_Shadow.uexp" 546
"C:/UnrealProject/UnrealEngine/ARProject/Content/HandheldAR/Blueprints/Placeable/BP_InteractionHUD.uasset" 547
"C:/UnrealProject/UnrealEngine/ARProject/Content/HandheldAR/Blueprints/Placeable/BP_InteractionHUD.uexp" 548
"C:/UnrealProject/UnrealEngine/ARProject/Content/HandheldAR/Blueprints/Placeable/BP_Placeable.uasset" 549
"C:/UnrealProject/UnrealEngine/ARProject/Content/HandheldAR/Blueprints/Placeable/BP_Placeable.uexp" 550
"C:/UnrealProject/UnrealEngine/ARProject/Content/HandheldAR/Blueprints/UI/Icons/T_Icon_Right.uasset" 551
"C:/UnrealProject/UnrealEngine/ARProject/Content/HandheldAR/Blueprints/UI/Icons/T_Icon_Right.uexp" 552
"C:/UnrealProject/UnrealEngine/ARProject/Content/HandheldAR/Blueprints/UI/Icons/T_Icon_Close.uasset" 553
"C:/UnrealProject/UnrealEngine/ARProject/Content/HandheldAR/Blueprints/UI/Icons/T_Icon_Close.uexp" 554
"C:/UnrealProject/UnrealEngine/ARProject/Content/HandheldAR/Blueprints/UI/Icons/T_Icon_Snapshot_01.uasset" 555
"C:/UnrealProject/UnrealEngine/ARProject/Content/HandheldAR/Blueprints/UI/Icons/T_Icon_Snapshot_01.uexp" 556
"C:/UnrealProject/UnrealEngine/ARProject/Content/HandheldAR/Blueprints/UI/Icons/T_Capsule_Center_02.uasset" 557
"C:/UnrealProject/UnrealEngine/ARProject/Content/HandheldAR/Blueprints/UI/Icons/T_Capsule_Center_02.uexp" 558
"C:/UnrealProject/UnrealEngine/ARProject/Content/HandheldAR/Blueprints/UI/Icons/T_Icon_OFF_02.uasset" 559
"C:/UnrealProject/UnrealEngine/ARProject/Content/HandheldAR/Blueprints/UI/Icons/T_Icon_OFF_02.uexp" 560
"C:/UnrealProject/UnrealEngine/ARProject/Content/HandheldAR/Blueprints/UI/Icons/T_Icon_Info_02.uasset" 561
"C:/UnrealProject/UnrealEngine/ARProject/Content/HandheldAR/Blueprints/UI/Icons/T_Icon_Info_02.uexp" 562
"C:/UnrealProject/UnrealEngine/ARProject/Content/HandheldAR/Blueprints/UI/Icons/T_Capsule_Left_02.uasset" 563
"C:/UnrealProject/UnrealEngine/ARProject/Content/HandheldAR/Blueprints/UI/Icons/T_Capsule_Left_02.uexp" 564
"C:/UnrealProject/UnrealEngine/ARProject/Content/HandheldAR/Blueprints/UI/Icons/T_Icon_Close_02.uasset" 565
"C:/UnrealProject/UnrealEngine/ARProject/Content/HandheldAR/Blueprints/UI/Icons/T_Icon_Close_02.uexp" 566
"C:/UnrealProject/UnrealEngine/ARProject/Content/HandheldAR/Blueprints/UI/Icons/T_Icon_ON.uasset" 567
"C:/UnrealProject/UnrealEngine/ARProject/Content/HandheldAR/Blueprints/UI/Icons/T_Icon_ON.uexp" 568
"../../../Engine/Content/EngineFonts/Faces/RobotoLight.uexp" 569
"../../../Engine/Content/EngineFonts/Faces/RobotoLight.uasset" 570
"../../../Engine/Content/EngineFonts/Faces/RobotoLight.ufont" 571
"../../../Engine/Content/EngineFonts/Faces/RobotoBold.uexp" 572
"../../../Engine/Content/EngineFonts/Faces/RobotoBold.uasset" 573
"../../../Engine/Content/EngineFonts/Faces/RobotoBold.ufont" 574
"../../../Engine/Content/EngineFonts/Faces/RobotoRegular.uexp" 575
"../../../Engine/Content/EngineFonts/Faces/RobotoRegular.uasset" 576
"../../../Engine/Content/EngineFonts/Faces/RobotoRegular.ufont" 577
"../../../Engine/Content/EngineFonts/Faces/DroidSansFallback.uexp" 578
"../../../Engine/Content/EngineFonts/Faces/DroidSansFallback.uasset" 579
"../../../Engine/Content/EngineFonts/Faces/DroidSansFallback.ufont" 580
"../../../Engine/Content/EngineFonts/Faces/RobotoItalic.uexp" 581
"../../../Engine/Content/EngineFonts/Faces/RobotoItalic.uasset" 582
"../../../Engine/Content/EngineFonts/Faces/RobotoItalic.ufont" 583
"../../../Engine/Content/EngineFonts/Faces/RobotoBoldItalic.uexp" 584
"../../../Engine/Content/EngineFonts/Faces/RobotoBoldItalic.uasset" 585
"../../../Engine/Content/EngineFonts/Faces/RobotoBoldItalic.ufont" 586
"../../../Engine/Content/EngineFonts/Roboto.uasset" 587
"../../../Engine/Content/EngineFonts/Roboto.uexp" 588
"C:/UnrealProject/UnrealEngine/ARProject/Content/HandheldAR/Blueprints/UI/Styles/ENUM_UIStyle.uasset" 589
"C:/UnrealProject/UnrealEngine/ARProject/Content/HandheldAR/Blueprints/UI/Styles/ENUM_UIStyle.uexp" 590
"C:/UnrealProject/UnrealEngine/ARProject/Content/HandheldAR/Blueprints/UI/Styles/Enum_FontTypeFace.uasset" 591
"C:/UnrealProject/UnrealEngine/ARProject/Content/HandheldAR/Blueprints/UI/Styles/Enum_FontTypeFace.uexp" 592
"C:/UnrealProject/UnrealEngine/ARProject/Content/HandheldAR/Blueprints/UI/Styles/Enum_IconType.uasset" 593
"C:/UnrealProject/UnrealEngine/ARProject/Content/HandheldAR/Blueprints/UI/Styles/Enum_IconType.uexp" 594
"C:/UnrealProject/UnrealEngine/ARProject/Content/HandheldAR/Blueprints/UI/Styles/Struct_Icon.uasset" 595
"C:/UnrealProject/UnrealEngine/ARProject/Content/HandheldAR/Blueprints/UI/Styles/Struct_Icon.uexp" 596
"C:/UnrealProject/UnrealEngine/ARProject/Content/HandheldAR/Blueprints/UI/Styles/Struct_Style.uasset" 597
"C:/UnrealProject/UnrealEngine/ARProject/Content/HandheldAR/Blueprints/UI/Styles/Struct_Style.uexp" 598
"C:/UnrealProject/UnrealEngine/ARProject/Content/HandheldAR/Blueprints/UI/Icons/T_Icon_Info_01.uasset" 599
"C:/UnrealProject/UnrealEngine/ARProject/Content/HandheldAR/Blueprints/UI/Icons/T_Icon_Info_01.uexp" 600
"C:/UnrealProject/UnrealEngine/ARProject/Content/HandheldAR/Blueprints/UI/Icons/T_Icon_Options_02.uasset" 601
"C:/UnrealProject/UnrealEngine/ARProject/Content/HandheldAR/Blueprints/UI/Icons/T_Icon_Options_02.uexp" 602
"C:/UnrealProject/UnrealEngine/ARProject/Content/HandheldAR/Blueprints/UI/Icons/T_Icon_Left_02.uasset" 603
"C:/UnrealProject/UnrealEngine/ARProject/Content/HandheldAR/Blueprints/UI/Icons/T_Icon_Left_02.uexp" 604
"C:/UnrealProject/UnrealEngine/ARProject/Content/HandheldAR/Blueprints/UI/Icons/T_Icon_Snapshot_02.uasset" 605
"C:/UnrealProject/UnrealEngine/ARProject/Content/HandheldAR/Blueprints/UI/Icons/T_Icon_Snapshot_02.uexp" 606
"C:/UnrealProject/UnrealEngine/ARProject/Content/HandheldAR/Blueprints/UI/Icons/T_Icon_ON_02.uasset" 607
"C:/UnrealProject/UnrealEngine/ARProject/Content/HandheldAR/Blueprints/UI/Icons/T_Icon_ON_02.uexp" 608
"C:/UnrealProject/UnrealEngine/ARProject/Content/HandheldAR/Blueprints/UI/Icons/T_Capsule_Left.uasset" 609
"C:/UnrealProject/UnrealEngine/ARProject/Content/HandheldAR/Blueprints/UI/Icons/T_Capsule_Left.uexp" 610
"C:/UnrealProject/UnrealEngine/ARProject/Content/HandheldAR/Blueprints/UI/Icons/T_Icon_Right_02.uasset" 611
"C:/UnrealProject/UnrealEngine/ARProject/Content/HandheldAR/Blueprints/UI/Icons/T_Icon_Right_02.uexp" 612
"C:/UnrealProject/UnrealEngine/ARProject/Content/HandheldAR/Blueprints/UI/Icons/T_Icon_Options_01.uasset" 613
"C:/UnrealProject/UnrealEngine/ARProject/Content/HandheldAR/Blueprints/UI/Icons/T_Icon_Options_01.uexp" 614
"C:/UnrealProject/UnrealEngine/ARProject/Content/HandheldAR/Blueprints/UI/Icons/T_Capsule_Right_02.uasset" 615
"C:/UnrealProject/UnrealEngine/ARProject/Content/HandheldAR/Blueprints/UI/Icons/T_Capsule_Right_02.uexp" 616
"C:/UnrealProject/UnrealEngine/ARProject/Content/HandheldAR/Blueprints/UI/Icons/T_Icon_Reset_01.uasset" 617
"C:/UnrealProject/UnrealEngine/ARProject/Content/HandheldAR/Blueprints/UI/Icons/T_Icon_Reset_01.uexp" 618
"C:/UnrealProject/UnrealEngine/ARProject/Content/HandheldAR/Blueprints/UI/Icons/T_Icon_OFF.uasset" 619
"C:/UnrealProject/UnrealEngine/ARProject/Content/HandheldAR/Blueprints/UI/Icons/T_Icon_OFF.uexp" 620
"C:/UnrealProject/UnrealEngine/ARProject/Content/HandheldAR/Blueprints/UI/Icons/T_Capsule_Right.uasset" 621
"C:/UnrealProject/UnrealEngine/ARProject/Content/HandheldAR/Blueprints/UI/Icons/T_Capsule_Right.uexp" 622
"C:/UnrealProject/UnrealEngine/ARProject/Content/HandheldAR/Blueprints/UI/Icons/T_Icon_Reset_02.uasset" 623
"C:/UnrealProject/UnrealEngine/ARProject/Content/HandheldAR/Blueprints/UI/Icons/T_Icon_Reset_02.uexp" 624
"C:/UnrealProject/UnrealEngine/ARProject/Content/HandheldAR/Blueprints/UI/Icons/T_Icon_Left.uasset" 625
"C:/UnrealProject/UnrealEngine/ARProject/Content/HandheldAR/Blueprints/UI/Icons/T_Icon_Left.uexp" 626
"C:/UnrealProject/UnrealEngine/ARProject/Content/HandheldAR/Blueprints/UI/Icons/T_Capsule_Center.uasset" 627
"C:/UnrealProject/UnrealEngine/ARProject/Content/HandheldAR/Blueprints/UI/Icons/T_Capsule_Center.uexp" 628
"C:/UnrealProject/UnrealEngine/ARProject/Content/HandheldAR/Blueprints/UI/Styles/DT_Styles.uasset" 629
"C:/UnrealProject/UnrealEngine/ARProject/Content/HandheldAR/Blueprints/UI/Styles/DT_Styles.uexp" 630
"C:/UnrealProject/UnrealEngine/ARProject/Content/HandheldAR/Blueprints/UI/Materials/M_ButtonUI.uasset" 631
"C:/UnrealProject/UnrealEngine/ARProject/Content/HandheldAR/Blueprints/UI/Materials/M_ButtonUI.uexp" 632
"C:/UnrealProject/UnrealEngine/ARProject/Content/HandheldAR/Blueprints/UI/UI_ToggleButton.uasset" 633
"C:/UnrealProject/UnrealEngine/ARProject/Content/HandheldAR/Blueprints/UI/UI_ToggleButton.uexp" 634
"C:/UnrealProject/UnrealEngine/ARProject/Content/HandheldAR/Blueprints/UI/UI_CapsuleButton.uasset" 635
"C:/UnrealProject/UnrealEngine/ARProject/Content/HandheldAR/Blueprints/UI/UI_CapsuleButton.uexp" 636
"C:/UnrealProject/UnrealEngine/ARProject/Content/HandheldAR/Blueprints/UI/Styles/BP_StylizedUI.uasset" 637
"C:/UnrealProject/UnrealEngine/ARProject/Content/HandheldAR/Blueprints/UI/Styles/BP_StylizedUI.uexp" 638
"C:/UnrealProject/UnrealEngine/ARProject/Content/HandheldAR/Blueprints/UI/BP_OptionMenu.uasset" 639
"C:/UnrealProject/UnrealEngine/ARProject/Content/HandheldAR/Blueprints/UI/BP_OptionMenu.uexp" 640
"C:/UnrealProject/UnrealEngine/ARProject/Content/HandheldAR/Blueprints/UI/Icons/T_CircularMenu_Top.uasset" 641
"C:/UnrealProject/UnrealEngine/ARProject/Content/HandheldAR/Blueprints/UI/Icons/T_CircularMenu_Top.uexp" 642
"C:/UnrealProject/UnrealEngine/ARProject/Content/HandheldAR/Blueprints/UI/Icons/T_CircularMenu.uasset" 643
"C:/UnrealProject/UnrealEngine/ARProject/Content/HandheldAR/Blueprints/UI/Icons/T_CircularMenu.uexp" 644
"C:/UnrealProject/UnrealEngine/ARProject/Content/HandheldAR/Blueprints/UI/Icons/T_Icon_Circle.uasset" 645
"C:/UnrealProject/UnrealEngine/ARProject/Content/HandheldAR/Blueprints/UI/Icons/T_Icon_Circle.uexp" 646
"../../../Engine/Content/Functions/Engine_MaterialFunctions02/Texturing/CustomRotator.uasset" 647
"../../../Engine/Content/Functions/Engine_MaterialFunctions02/Texturing/CustomRotator.uexp" 648
"C:/UnrealProject/UnrealEngine/ARProject/Content/HandheldAR/Blueprints/UI/Materials/M_CircularMenuSelection.uasset" 649
"C:/UnrealProject/UnrealEngine/ARProject/Content/HandheldAR/Blueprints/UI/Materials/M_CircularMenuSelection.uexp" 650
"C:/UnrealProject/UnrealEngine/ARProject/Content/HandheldAR/Blueprints/UI/BP_BottomMenu.uasset" 651
"C:/UnrealProject/UnrealEngine/ARProject/Content/HandheldAR/Blueprints/UI/BP_BottomMenu.uexp" 652
"C:/UnrealProject/UnrealEngine/ARProject/Content/HandheldAR/Blueprints/UI/Icons/T_Shape_Loading.uasset" 653
"C:/UnrealProject/UnrealEngine/ARProject/Content/HandheldAR/Blueprints/UI/Icons/T_Shape_Loading.uexp" 654
"C:/UnrealProject/UnrealEngine/ARProject/Content/HandheldAR/Blueprints/UI/Materials/M_ButtonRotatingUI.uasset" 655
"C:/UnrealProject/UnrealEngine/ARProject/Content/HandheldAR/Blueprints/UI/Materials/M_ButtonRotatingUI.uexp" 656
"C:/UnrealProject/UnrealEngine/ARProject/Content/HandheldAR/Blueprints/UI/Icons/T_Shape_Circle.uasset" 657
"C:/UnrealProject/UnrealEngine/ARProject/Content/HandheldAR/Blueprints/UI/Icons/T_Shape_Circle.uexp" 658
"C:/UnrealProject/UnrealEngine/ARProject/Content/HandheldAR/Blueprints/UI/BP_StartMenu.uasset" 659
"C:/UnrealProject/UnrealEngine/ARProject/Content/HandheldAR/Blueprints/UI/BP_StartMenu.uexp" 660
"C:/UnrealProject/UnrealEngine/ARProject/Content/HandheldAR/Blueprints/UI/Materials/M_CircularMask.uasset" 661
"C:/UnrealProject/UnrealEngine/ARProject/Content/HandheldAR/Blueprints/UI/Materials/M_CircularMask.uexp" 662
"C:/UnrealProject/UnrealEngine/ARProject/Content/HandheldAR/Blueprints/UI/Icons/T_Icon_Shot_01.ubulk" 663
"C:/UnrealProject/UnrealEngine/ARProject/Content/HandheldAR/Blueprints/UI/Icons/T_Icon_Shot_01.uasset" 664
"C:/UnrealProject/UnrealEngine/ARProject/Content/HandheldAR/Blueprints/UI/Icons/T_Icon_Shot_01.uexp" 665
"C:/UnrealProject/UnrealEngine/ARProject/Content/HandheldAR/D_ARSessionConfig.uasset" 666
"C:/UnrealProject/UnrealEngine/ARProject/Content/HandheldAR/D_ARSessionConfig.uexp" 667
"C:/UnrealProject/UnrealEngine/ARProject/Content/HandheldAR/Blueprints/UI/Icons/T_Icon_Pinch.uasset" 668
"C:/UnrealProject/UnrealEngine/ARProject/Content/HandheldAR/Blueprints/UI/Icons/T_Icon_Pinch.uexp" 669
"C:/UnrealProject/UnrealEngine/ARProject/Content/HandheldAR/Blueprints/UI/Icons/T_Icon_Grab.uasset" 670
"C:/UnrealProject/UnrealEngine/ARProject/Content/HandheldAR/Blueprints/UI/Icons/T_Icon_Grab.uexp" 671
"C:/UnrealProject/UnrealEngine/ARProject/Content/HandheldAR/Blueprints/UI/Icons/T_Icon_Swipe.uasset" 672
"C:/UnrealProject/UnrealEngine/ARProject/Content/HandheldAR/Blueprints/UI/Icons/T_Icon_Swipe.uexp" 673
"C:/UnrealProject/UnrealEngine/ARProject/Content/HandheldAR/Blueprints/UI/BP_InfoMenu.uasset" 674
"C:/UnrealProject/UnrealEngine/ARProject/Content/HandheldAR/Blueprints/UI/BP_InfoMenu.uexp" 675
"C:/UnrealProject/UnrealEngine/ARProject/Content/HandheldAR/Blueprints/UI/BP_MainMenu.uasset" 676
"C:/UnrealProject/UnrealEngine/ARProject/Content/HandheldAR/Blueprints/UI/BP_MainMenu.uexp" 677
"C:/UnrealProject/UnrealEngine/ARProject/Content/HandheldAR/Blueprints/GameFramework/BP_ARPawn.uasset" 678
"C:/UnrealProject/UnrealEngine/ARProject/Content/HandheldAR/Blueprints/GameFramework/BP_ARPawn.uexp" 679
"C:/UnrealProject/UnrealEngine/ARProject/Content/HandheldAR/Blueprints/GameFramework/BP_ARGameMode.uasset" 680
"C:/UnrealProject/UnrealEngine/ARProject/Content/HandheldAR/Blueprints/GameFramework/BP_ARGameMode.uexp" 681
"../../../Engine/Content/MapTemplates/Sky/DaylightAmbientCubemap.uasset" 682
"../../../Engine/Content/MapTemplates/Sky/DaylightAmbientCubemap.uexp" 683
"C:/UnrealProject/UnrealEngine/ARProject/Content/HandheldAR/Maps/HandheldARBlankMap.uexp" 684
"C:/UnrealProject/UnrealEngine/ARProject/Content/HandheldAR/Maps/HandheldARBlankMap.umap" 685
